
================================================================
======== Log Rotated - 9/28/2023, 12:00:00 AM                   
================================================================
[6:35:12 AM] txAdmin: Logger started
[6:35:22 AM] [DhtBa#1] Nic: joined with identifiers [steam:110000104b59124; license:51cb593bb4b56d077293f276ad241685becd64b8; xbl:2535473787863488; live:1055518395289663; discord:505676908449497099; license2:51cb593bb4b56d077293f276ad241685becd64b8]
[6:49:50 AM] [DhtBa#1] Nic: died from suicide (Fall)
[6:51:21 AM] [DhtBa#1] Nic: died from suicide (Fall)
[7:03:30 AM] [DhtBa#1] Nic: died from suicide
[7:07:13 AM] [DhtBa#1] Nic: died from suicide (Fall)
[7:17:45 AM] [DhtBa#1] Nic: disconnected ([txAdmin] Server restarting (requested by NeonSniper).)
[7:17:56 AM] txAdmin: Logger started
[7:18:30 AM] [fcHTp#1] Nic: joined with identifiers [steam:110000104b59124; license:51cb593bb4b56d077293f276ad241685becd64b8; xbl:2535473787863488; live:1055518395289663; discord:505676908449497099; license2:51cb593bb4b56d077293f276ad241685becd64b8]
[7:23:28 AM] [fcHTp#1] Nic: disconnected (Exiting)
[7:24:01 AM] txAdmin: Logger started
[7:24:30 AM] txAdmin: Logger started
[7:24:49 AM] [dcjUC#1] Nic: joined with identifiers [steam:110000104b59124; license:51cb593bb4b56d077293f276ad241685becd64b8; xbl:2535473787863488; live:1055518395289663; discord:505676908449497099; license2:51cb593bb4b56d077293f276ad241685becd64b8]
[7:32:13 AM] [dcjUC#1] Nic: disconnected ([txAdmin] Server restarting (requested by NeonSniper).)
[7:32:24 AM] txAdmin: Logger started
[7:35:32 AM] [NY9qz#1] Nic: joined with identifiers [steam:110000104b59124; license:51cb593bb4b56d077293f276ad241685becd64b8; xbl:2535473787863488; live:1055518395289663; discord:505676908449497099; license2:51cb593bb4b56d077293f276ad241685becd64b8]
[8:33:10 AM] [NY9qz#1] Nic: died from suicide (Fall)
[9:00:50 AM] [NY9qz#1] Nic: died from suicide (Fall)
[9:06:37 AM] [NY9qz#1] Nic: died from suicide (Fall)
[9:10:44 AM] [NY9qz#1] Nic: died from suicide (Fall)
[9:12:18 AM] [NY9qz#1] Nic: died from suicide (Fall)
[9:13:37 AM] [NY9qz#1] Nic: died from suicide (Fall)
[9:15:29 AM] [NY9qz#1] Nic: died from suicide (Fall)
[9:21:58 AM] [NY9qz#2] Kidlat Talinhaga: joined with identifiers [steam:11000011b7a7e79; license:b8e1c8f88f0a458f1a61c839513c384929f1fcc5; xbl:2535434274613869; live:844425821395282; discord:396996006471925760; fivem:950365; license2:b8e1c8f88f0a458f1a61c839513c384929f1fcc5]
[9:22:33 AM] [NY9qz#1] Nic: teleported to player [#2] Kidlat Talinhaga (x=-262.853, y=793.398, z=118.584)
[9:23:02 AM] [NY9qz#1] Nic: teleported to player [#2] Kidlat Talinhaga (x=2374.919, y=1108.088, z=88.709)
[9:23:51 AM] [NY9qz#2] Kidlat Talinhaga: teleported to player [#1] Nic (x=0.000, y=0.000, z=0.989)
[9:24:47 AM] [NY9qz#2] Kidlat Talinhaga: disconnected (Server->client connection timed out. Last seen 46619 msec ago.)
[9:25:06 AM] [NY9qz#3] Kidlat Talinhaga: joined with identifiers [steam:11000011b7a7e79; license:b8e1c8f88f0a458f1a61c839513c384929f1fcc5; xbl:2535434274613869; live:844425821395282; discord:396996006471925760; fivem:950365; license2:b8e1c8f88f0a458f1a61c839513c384929f1fcc5]
[9:25:46 AM] [NY9qz#3] Kidlat Talinhaga: teleported to player [#1] Nic (x=0.000, y=0.000, z=0.989)
[9:27:25 AM] [NY9qz#1] Nic: disconnected (Exiting)
[9:30:12 AM] [NY9qz#4] Nic: joined with identifiers [steam:110000104b59124; license:51cb593bb4b56d077293f276ad241685becd64b8; xbl:2535473787863488; live:1055518395289663; discord:505676908449497099; license2:51cb593bb4b56d077293f276ad241685becd64b8]
[9:31:50 AM] [NY9qz#4] Nic: teleported to player [#3] Kidlat Talinhaga (x=2717.103, y=-1250.070, z=49.938)
[9:32:56 AM] [NY9qz#3] Kidlat Talinhaga: died from suicide (Shotgun Repeating)
[9:44:36 AM] [NY9qz#4] Nic: summoned player [#3] Kidlat Talinhaga
[9:49:10 AM] [NY9qz#3] Kidlat Talinhaga: died from unknown by Nic
[9:50:32 AM] [NY9qz#4] Nic: summoned player [#3] Kidlat Talinhaga
[9:56:04 AM] [NY9qz#4] Nic: disconnected (Game crashed: RDR2_b1491.exe!sub_142BFAF4C (0x4d))
[9:56:12 AM] [NY9qz#3] Kidlat Talinhaga: died from suicide (Horse)
[9:56:45 AM] [NY9qz#5] Nic: joined with identifiers [steam:110000104b59124; license:51cb593bb4b56d077293f276ad241685becd64b8; xbl:2535473787863488; live:1055518395289663; discord:505676908449497099; license2:51cb593bb4b56d077293f276ad241685becd64b8]
[10:05:27 AM] [NY9qz#5] Nic: said "/noclip"
[10:05:33 AM] [NY9qz#5] Nic: enabled noclip
[10:05:41 AM] [NY9qz#5] Nic: became mortal (standard mode)
[10:06:51 AM] [NY9qz#5] Nic: enabled noclip
[10:06:53 AM] [NY9qz#5] Nic: became mortal (standard mode)
[10:07:25 AM] [NY9qz#3] Kidlat Talinhaga: died from suicide (Fall)
[10:10:25 AM] [NY9qz#5] Nic: teleported to player [#3] Kidlat Talinhaga (x=2822.993, y=-895.451, z=41.563)
[10:12:12 AM] [NY9qz#5] Nic: said "/p_baitBread01x"
[10:21:40 AM] [NY9qz#5] Nic: teleported to player [#3] Kidlat Talinhaga (x=2854.075, y=-908.624, z=41.445)
[10:22:10 AM] [NY9qz#5] Nic: spawned a vehicle (model: rowboat)
[10:25:29 AM] [NY9qz#5] Nic: spawned a vehicle (model: handcart)
[10:25:33 AM] [NY9qz#3] Kidlat Talinhaga: disconnected (Game crashed: RDR2_b1491.exe!sub_14152F8FC (0x66))
[10:25:39 AM] [NY9qz#5] Nic: disconnected (Exiting)
