
================================================================
======== txAdmin Starting - 9/27/2023, 4:24:52 AM               
================================================================
[4:28:26 AM] txAdmin: Logger started
[4:33:57 AM] txAdmin: Logger started
[4:56:09 AM] [ffWzx#1] Kidlat Talinhaga: joined with identifiers [steam:11000011b7a7e79; license:b8e1c8f88f0a458f1a61c839513c384929f1fcc5; xbl:2535434274613869; live:844425821395282; discord:396996006471925760; fivem:950365; license2:b8e1c8f88f0a458f1a61c839513c384929f1fcc5]
[5:01:13 AM] [ffWzx#1] Kidlat Talinhaga: disconnected (Exiting)
[6:41:25 AM] txAdmin: Logger started
[6:46:41 AM] txAdmin: Logger started

================================================================
======== txAdmin Starting - 9/27/2023, 6:50:13 AM               
================================================================
[6:50:19 AM] txAdmin: Logger started
[6:54:30 AM] txAdmin: Logger started
[6:54:49 AM] [dN4BY#1] Nic: joined with identifiers [steam:110000104b59124; license:51cb593bb4b56d077293f276ad241685becd64b8; xbl:2535473787863488; live:1055518395289663; discord:505676908449497099; license2:51cb593bb4b56d077293f276ad241685becd64b8]
[6:55:15 AM] [dN4BY#2] Kidlat Talinhaga: joined with identifiers [steam:11000011b7a7e79; license:b8e1c8f88f0a458f1a61c839513c384929f1fcc5; xbl:2535434274613869; live:844425821395282; discord:396996006471925760; fivem:950365; license2:b8e1c8f88f0a458f1a61c839513c384929f1fcc5]
[6:57:15 AM] [dN4BY#1] Nic: disconnected (Exiting)
[6:57:27 AM] [dN4BY#2] Kidlat Talinhaga: disconnected (Exiting)
[8:16:51 AM] txAdmin: Logger started
[8:17:29 AM] [JVxp6#1] Nic: joined with identifiers [steam:110000104b59124; license:51cb593bb4b56d077293f276ad241685becd64b8; xbl:2535473787863488; live:1055518395289663; discord:505676908449497099; license2:51cb593bb4b56d077293f276ad241685becd64b8]
[8:17:33 AM] [JVxp6#2] Kidlat Talinhaga: joined with identifiers [steam:11000011b7a7e79; license:b8e1c8f88f0a458f1a61c839513c384929f1fcc5; xbl:2535434274613869; live:844425821395282; discord:396996006471925760; fivem:950365; license2:b8e1c8f88f0a458f1a61c839513c384929f1fcc5]
[8:19:06 AM] [JVxp6#3] Batang Gol: joined with identifiers [steam:110000140b2abe9; license:982df88bbc19a1b0bd223e3366374a31494a4a90; xbl:2535470821497634; live:985154637326414; discord:721229781797961789; license2:982df88bbc19a1b0bd223e3366374a31494a4a90]
[8:19:43 AM] [JVxp6#4] Kalisi Lanistisya: joined with identifiers [steam:110000132dd9b8a; license:44a99489ecb36c8f6c7cb05d95817484268e9ff7; xbl:2535434092386639; live:985158102515601; license2:44a99489ecb36c8f6c7cb05d95817484268e9ff7]
[8:24:52 AM] [JVxp6#2] Kidlat Talinhaga: said "/closeinventory"
[8:24:55 AM] [JVxp6#2] Kidlat Talinhaga: said "/closeinv"
[8:24:58 AM] [JVxp6#2] Kidlat Talinhaga: said "/inv"
[8:27:03 AM] [JVxp6#2] Kidlat Talinhaga: said "/addpermission 2 god"
[8:31:59 AM] [JVxp6#2] Kidlat Talinhaga: said "/additem 1 lasso 1"
[8:33:08 AM] [JVxp6#3] Batang Gol: died from suicide (Fall)
[8:34:09 AM] [JVxp6#3] Batang Gol: died from suicide (Fall)
[8:37:34 AM] [JVxp6#3] Batang Gol: died from suicide (Fall)
[8:37:50 AM] [JVxp6#1] Nic: disconnected ([txAdmin] Server restarting (requested by NeonSniper).)
[8:37:50 AM] [JVxp6#2] Kidlat Talinhaga: disconnected ([txAdmin] Server restarting (requested by NeonSniper).)
[8:37:50 AM] [JVxp6#4] Kalisi Lanistisya: disconnected ([txAdmin] Server restarting (requested by NeonSniper).)
[8:37:50 AM] [JVxp6#3] Batang Gol: disconnected ([txAdmin] Server restarting (requested by NeonSniper).)
[8:38:02 AM] txAdmin: Logger started
[8:38:14 AM] [4zg9c#1] Kalisi Lanistisya: joined with identifiers [steam:110000132dd9b8a; license:44a99489ecb36c8f6c7cb05d95817484268e9ff7; xbl:2535434092386639; live:985158102515601; license2:44a99489ecb36c8f6c7cb05d95817484268e9ff7]
[8:38:19 AM] [4zg9c#2] Nic: joined with identifiers [steam:110000104b59124; license:51cb593bb4b56d077293f276ad241685becd64b8; xbl:2535473787863488; live:1055518395289663; discord:505676908449497099; license2:51cb593bb4b56d077293f276ad241685becd64b8]
[8:38:39 AM] [4zg9c#3] Kidlat Talinhaga: joined with identifiers [steam:11000011b7a7e79; license:b8e1c8f88f0a458f1a61c839513c384929f1fcc5; xbl:2535434274613869; live:844425821395282; discord:396996006471925760; fivem:950365; license2:b8e1c8f88f0a458f1a61c839513c384929f1fcc5]
[8:38:42 AM] [4zg9c#4] Batang Gol: joined with identifiers [steam:110000140b2abe9; license:982df88bbc19a1b0bd223e3366374a31494a4a90; xbl:2535470821497634; live:985154637326414; discord:721229781797961789; license2:982df88bbc19a1b0bd223e3366374a31494a4a90]
[8:38:53 AM] [4zg9c#5] Kalisi Lanistisya: joined with identifiers [steam:110000132dd9b8a; license:44a99489ecb36c8f6c7cb05d95817484268e9ff7; xbl:2535434092386639; live:985158102515601; license2:44a99489ecb36c8f6c7cb05d95817484268e9ff7]
[8:39:22 AM] [4zg9c#1] Kalisi Lanistisya: disconnected (Server->client connection timed out. Last seen 55515 msec ago.)
[8:39:57 AM] [4zg9c#3] Kidlat Talinhaga: healed player [#4] Batang Gol
[8:40:14 AM] [4zg9c#4] Batang Gol: died from suicide (Fall)
[8:40:38 AM] [4zg9c#4] Batang Gol: healed themself
[8:41:42 AM] [4zg9c#3] Kidlat Talinhaga: spawned a vehicle (model: a_c_horse_turkoman_perlino)
[8:43:22 AM] [4zg9c#2] Nic: died from unknown by Batang Gol
[8:44:11 AM] [4zg9c#3] Kidlat Talinhaga: enabled noclip
[8:44:21 AM] [4zg9c#3] Kidlat Talinhaga: died from suicide (Fall)
[8:44:25 AM] [4zg9c#3] Kidlat Talinhaga: became mortal (standard mode)
[8:44:27 AM] [4zg9c#3] Kidlat Talinhaga: healed themself
[8:44:36 AM] [4zg9c#4] Batang Gol: healed themself
[8:44:42 AM] [4zg9c#3] Kidlat Talinhaga: healed themself
[8:45:09 AM] [4zg9c#3] Kidlat Talinhaga: became mortal (standard mode)
[8:45:16 AM] [4zg9c#3] Kidlat Talinhaga: became mortal (standard mode)
[8:45:19 AM] [4zg9c#3] Kidlat Talinhaga: enabled noclip
[8:45:28 AM] [4zg9c#3] Kidlat Talinhaga: became mortal (standard mode)
[8:45:29 AM] [4zg9c#2] Nic: teleported to player [#3] Kidlat Talinhaga (x=-262.800, y=786.910, z=121.465)
[8:47:06 AM] [4zg9c#4] Batang Gol: died from suicide (Horse)
[8:48:21 AM] [4zg9c#3] Kidlat Talinhaga: died from suicide (Fall)
[8:49:28 AM] [4zg9c#3] Kidlat Talinhaga: died from suicide (Fall)
[8:54:25 AM] [4zg9c#3] Kidlat Talinhaga: said "/additem 3 lasso 1"
[8:54:31 AM] [4zg9c#3] Kidlat Talinhaga: said "/additem 3 weapon_lasso 1"
[8:55:40 AM] [4zg9c#3] Kidlat Talinhaga: died from suicide
[9:01:23 AM] [4zg9c#2] Nic: teleported to player [#3] Kidlat Talinhaga (x=2097.574, y=-736.286, z=41.732)
[9:01:52 AM] [4zg9c#3] Kidlat Talinhaga: teleported to player [#5] Kalisi Lanistisya (x=2319.297, y=-1085.051, z=44.462)
[9:02:08 AM] [4zg9c#3] Kidlat Talinhaga: teleported to player [#2] Nic (x=2400.040, y=-1028.756, z=43.922)
[9:02:23 AM] [4zg9c#3] Kidlat Talinhaga: summoned player [#5] Kalisi Lanistisya
[9:02:34 AM] [4zg9c#4] Batang Gol: said "/tpm2"
[9:03:33 AM] [4zg9c#2] Nic: summoned player [#4] Batang Gol
[9:04:09 AM] [4zg9c#3] Kidlat Talinhaga: healed themself
[9:04:25 AM] [4zg9c#4] Batang Gol: triggered drunk effect on [#5] Kalisi Lanistisya
[9:04:35 AM] [4zg9c#3] Kidlat Talinhaga: healed player [#5] Kalisi Lanistisya
[9:05:05 AM] [4zg9c#4] Batang Gol: died from unknown by Nic
[9:05:25 AM] [4zg9c#4] Batang Gol: turned show player IDs on
[9:05:31 AM] [4zg9c#4] Batang Gol: made a server-wide announcement: BOBO
[9:05:31 AM] txAdmin: ((Broadcast) Batang): said "BOBO"
[9:06:02 AM] [4zg9c#4] Batang Gol: spawned a vehicle (model: a_c_horse_arabian_redchestnut)
[9:06:04 AM] [4zg9c#5] Kalisi Lanistisya: said "/heal5"
[9:06:14 AM] [4zg9c#4] Batang Gol: spawned a vehicle (model: coach4)
[9:06:24 AM] [4zg9c#4] Batang Gol: spawned a vehicle (model: pirogue)
[9:06:30 AM] [4zg9c#4] Batang Gol: spawned a vehicle (model: buggy02)
[9:06:45 AM] [4zg9c#4] Batang Gol: spawned a vehicle (model: coach4)
[9:06:49 AM] [4zg9c#3] Kidlat Talinhaga: said "/delWagon 3"
[9:06:52 AM] [4zg9c#3] Kidlat Talinhaga: died from suicide (Horse)
[9:06:52 AM] [4zg9c#3] Kidlat Talinhaga: said "/delWagon 5"
[9:06:56 AM] [4zg9c#4] Batang Gol: teleported to player [#2] Nic (x=2406.976, y=-1216.114, z=45.624)
[9:07:17 AM] [4zg9c#4] Batang Gol: summoned player [#3] Kidlat Talinhaga
[9:07:24 AM] [4zg9c#4] Batang Gol: summoned player [#5] Kalisi Lanistisya
[9:07:37 AM] [4zg9c#4] Batang Gol: said "/noclip"
[9:07:44 AM] [4zg9c#4] Batang Gol: enabled noclip
[9:07:48 AM] [4zg9c#4] Batang Gol: died from suicide (Fall)
[9:07:56 AM] [4zg9c#4] Batang Gol: said "/revive4"
[9:07:59 AM] [4zg9c#4] Batang Gol: became mortal (standard mode)
[9:08:03 AM] [4zg9c#4] Batang Gol: said "/revive4"
[9:09:27 AM] [4zg9c#5] Kalisi Lanistisya: died from suicide (Fall)
[9:09:34 AM] [4zg9c#5] Kalisi Lanistisya: said "/revive5"
[9:09:50 AM] [4zg9c#4] Batang Gol: died from unknown by Kidlat Talinhaga
[9:10:15 AM] [4zg9c#3] Kidlat Talinhaga: said "/ping"
[9:10:23 AM] [4zg9c#2] Nic: disconnected (Exiting)
[9:10:23 AM] [4zg9c#3] Kidlat Talinhaga: said "/cliquit"
[9:10:24 AM] [4zg9c#3] Kidlat Talinhaga: disconnected (Exiting)
[9:10:27 AM] [4zg9c#4] Batang Gol: disconnected ([txAdmin] Server restarting (requested by NeonSniper).)
[9:10:27 AM] [4zg9c#5] Kalisi Lanistisya: disconnected ([txAdmin] Server restarting (requested by NeonSniper).)
[9:10:37 AM] txAdmin: Logger started
[9:11:53 AM] txAdmin: Logger started
[9:12:00 AM] [a7NBH#1] Kalisi Lanistisya: joined with identifiers [steam:110000132dd9b8a; license:44a99489ecb36c8f6c7cb05d95817484268e9ff7; xbl:2535434092386639; live:985158102515601; license2:44a99489ecb36c8f6c7cb05d95817484268e9ff7]
[9:12:01 AM] [a7NBH#2] Batang Gol: joined with identifiers [steam:110000140b2abe9; license:982df88bbc19a1b0bd223e3366374a31494a4a90; xbl:2535470821497634; live:985154637326414; discord:721229781797961789; license2:982df88bbc19a1b0bd223e3366374a31494a4a90]
[9:12:04 AM] [a7NBH#3] Nic: joined with identifiers [steam:110000104b59124; license:51cb593bb4b56d077293f276ad241685becd64b8; xbl:2535473787863488; live:1055518395289663; discord:505676908449497099; license2:51cb593bb4b56d077293f276ad241685becd64b8]
[9:12:09 AM] [a7NBH#4] Kidlat Talinhaga: joined with identifiers [steam:11000011b7a7e79; license:b8e1c8f88f0a458f1a61c839513c384929f1fcc5; xbl:2535434274613869; live:844425821395282; discord:396996006471925760; fivem:950365; license2:b8e1c8f88f0a458f1a61c839513c384929f1fcc5]
[9:13:52 AM] [a7NBH#2] Batang Gol: died from suicide (Fall)
[9:14:48 AM] [a7NBH#4] Kidlat Talinhaga: summoned player [#1] Kalisi Lanistisya
[9:15:54 AM] [a7NBH#3] Nic: teleported to player [#2] Batang Gol (x=2716.985, y=-1285.279, z=49.668)
[9:16:18 AM] [a7NBH#3] Nic: teleported to player [#1] Kalisi Lanistisya (x=2727.191, y=-1279.174, z=49.516)
[9:17:07 AM] [a7NBH#2] Batang Gol: died from suicide (Repeater Carbine)
[9:17:11 AM] [a7NBH#4] Kidlat Talinhaga: died from suicide (Fall)
[9:17:17 AM] [a7NBH#3] Nic: teleported to player [#4] Kidlat Talinhaga (x=2724.488, y=-1288.576, z=49.247)
[9:17:38 AM] [a7NBH#2] Batang Gol: died from suicide (Fall)
[9:17:46 AM] [a7NBH#3] Nic: started spectating player [#4] Kidlat Talinhaga
[9:17:59 AM] [a7NBH#2] Batang Gol: died from suicide (Fall)
[9:18:01 AM] [a7NBH#2] Batang Gol: died from suicide (Fall)
[9:18:26 AM] [a7NBH#2] Batang Gol: healed themself
[9:18:28 AM] [a7NBH#2] Batang Gol: healed themself
[9:18:29 AM] [a7NBH#2] Batang Gol: healed themself
[9:18:30 AM] [a7NBH#2] Batang Gol: healed all players!
[9:18:31 AM] [a7NBH#2] Batang Gol: healed all players!
[9:18:31 AM] [a7NBH#2] Batang Gol: healed all players!
[9:18:31 AM] [a7NBH#2] Batang Gol: healed all players!
[9:18:31 AM] [a7NBH#2] Batang Gol: healed all players!
[9:18:53 AM] [a7NBH#2] Batang Gol: died from suicide (Fall)
[9:19:30 AM] [a7NBH#4] Kidlat Talinhaga: teleported to player [#1] Kalisi Lanistisya (x=2751.534, y=-1244.070, z=50.039)
[9:19:50 AM] [a7NBH#3] Nic: teleported to player [#2] Batang Gol (x=2721.112, y=-1267.174, z=49.735)
[9:20:37 AM] [a7NBH#3] Nic: disconnected (Exiting)
[9:20:56 AM] [a7NBH#2] Batang Gol: teleported to player [#1] Kalisi Lanistisya (x=2601.745, y=-1277.736, z=53.645)
[9:21:02 AM] [a7NBH#4] Kidlat Talinhaga: spawned a vehicle (model: a_c_horse_turkoman_perlino)
[9:21:04 AM] [a7NBH#5] Nic: joined with identifiers [steam:110000104b59124; license:51cb593bb4b56d077293f276ad241685becd64b8; xbl:2535473787863488; live:1055518395289663; discord:505676908449497099; license2:51cb593bb4b56d077293f276ad241685becd64b8]
[9:21:08 AM] [a7NBH#4] Kidlat Talinhaga: spawned a vehicle (model: a_c_horse_arabian_redchestnut)
[9:22:49 AM] [a7NBH#5] Nic: teleported to player [#4] Kidlat Talinhaga (x=2594.149, y=-1134.712, z=51.437)
[9:23:19 AM] [a7NBH#4] Kidlat Talinhaga: died from suicide (Run Over By Car)
[9:24:06 AM] [a7NBH#2] Batang Gol: turned show player IDs on
[9:24:11 AM] [a7NBH#2] Batang Gol: spawned a vehicle (model: canoe)
[9:24:22 AM] [a7NBH#2] Batang Gol: spawned a vehicle (model: buggy02)
[9:25:08 AM] [a7NBH#2] Batang Gol: said "/bring 3"
[9:25:14 AM] [a7NBH#5] Nic: said "/bri"
[9:25:16 AM] [a7NBH#2] Batang Gol: summoned player [#1] Kalisi Lanistisya
[9:25:21 AM] [a7NBH#5] Nic: teleported to player [#2] Batang Gol (x=2894.453, y=2283.877, z=156.530)
[9:25:23 AM] [a7NBH#2] Batang Gol: summoned player [#4] Kidlat Talinhaga
[9:25:34 AM] [a7NBH#2] Batang Gol: spawned a vehicle (model: pirogue)
[9:26:09 AM] [a7NBH#4] Kidlat Talinhaga: spawned a vehicle (model: canoe)
[9:26:25 AM] [a7NBH#4] Kidlat Talinhaga: spawned a vehicle (model: pirogue)
[9:26:29 AM] [a7NBH#5] Nic: spawned a vehicle (model: canoetreetrunk)
[9:27:41 AM] [a7NBH#2] Batang Gol: died from suicide (Fall)
[9:27:41 AM] [a7NBH#5] Nic: died from suicide (Run Over By Car)
[9:27:48 AM] [a7NBH#1] Kalisi Lanistisya: died from suicide (Fall)
[9:27:50 AM] [a7NBH#4] Kidlat Talinhaga: died from suicide (Fall)
[9:27:59 AM] [a7NBH#2] Batang Gol: spawned a vehicle (model: pirogue2)
[9:28:03 AM] [a7NBH#4] Kidlat Talinhaga: spawned a vehicle (model: rowboat)
[9:28:07 AM] [a7NBH#2] Batang Gol: spawned a vehicle (model: pirogue)
[9:28:50 AM] [a7NBH#5] Nic: spawned a vehicle (model: skiff)
[9:29:47 AM] [a7NBH#2] Batang Gol: spawned a vehicle (model: coach3)
[9:30:03 AM] [a7NBH#5] Nic: spawned a vehicle (model: rowboatswamp)
[9:30:38 AM] [a7NBH#2] Batang Gol: spawned a vehicle (model: canoe)
[9:30:42 AM] [a7NBH#5] Nic: spawned a vehicle (model: keelboat)
[9:30:45 AM] [a7NBH#4] Kidlat Talinhaga: spawned a vehicle (model: pirogue2)
[9:30:55 AM] [a7NBH#5] Nic: spawned a vehicle (model: turbineboat)
[9:31:31 AM] [a7NBH#2] Batang Gol: said "/cardel"
[9:31:47 AM] [a7NBH#5] Nic: deleted a vehicle
[9:31:55 AM] [a7NBH#2] Batang Gol: spawned a vehicle (model: pirogue)
[9:32:40 AM] [a7NBH#5] Nic: spawned a vehicle (model: hotairballoon01)
[9:33:11 AM] [a7NBH#5] Nic: teleported to player [#1] Kalisi Lanistisya (x=2469.376, y=1687.451, z=84.547)
[9:33:26 AM] [a7NBH#5] Nic: spawned a vehicle (model: hotairballoon01)
[9:33:42 AM] [a7NBH#5] Nic: deleted a vehicle
[9:34:14 AM] [a7NBH#5] Nic: teleported to player [#2] Batang Gol (x=2411.393, y=1559.209, z=84.042)
[9:34:22 AM] [a7NBH#5] Nic: spawned a vehicle (model: rowboat)
[9:34:39 AM] [a7NBH#5] Nic: spawned a vehicle (model: canoetreetrunk)
[9:35:43 AM] [a7NBH#5] Nic: teleported to player [#2] Batang Gol (x=2193.138, y=1437.336, z=84.042)
[9:38:43 AM] [a7NBH#2] Batang Gol: summoned player [#4] Kidlat Talinhaga
[9:40:10 AM] [a7NBH#2] Batang Gol: said "/additem weapon_torch 2"
[9:40:20 AM] [a7NBH#2] Batang Gol: said "/additem 2 weapon_torch 1"
[9:40:46 AM] [a7NBH#2] Batang Gol: died from suicide
[9:40:57 AM] [a7NBH#4] Kidlat Talinhaga: said "/additem 4 weapon_torch 1"
[9:44:01 AM] [a7NBH#5] Nic: teleported to player [#4] Kidlat Talinhaga (x=2311.292, y=1086.844, z=94.404)
[9:44:54 AM] [a7NBH#4] Kidlat Talinhaga: died from suicide (Fall)
[9:45:05 AM] [a7NBH#5] Nic: died from Fall by Kidlat Talinhaga
[9:46:05 AM] [a7NBH#2] Batang Gol: said "/bring 3"
[9:46:13 AM] [a7NBH#2] Batang Gol: summoned player [#1] Kalisi Lanistisya
[9:46:16 AM] [a7NBH#5] Nic: teleported to player [#4] Kidlat Talinhaga (x=2414.875, y=1118.334, z=97.875)
[9:46:25 AM] [a7NBH#2] Batang Gol: died from suicide (Fall)
[9:46:33 AM] [a7NBH#5] Nic: teleported to player [#1] Kalisi Lanistisya (x=2329.886, y=1084.971, z=102.290)
[9:47:00 AM] [a7NBH#2] Batang Gol: died from Revolver Cattleman by Kidlat Talinhaga
[9:47:13 AM] [a7NBH#5] Nic: said "/additem 5 canteen 1"
[9:47:28 AM] [a7NBH#4] Kidlat Talinhaga: died from suicide (Fall)
[9:47:32 AM] [a7NBH#5] Nic: teleported to player [#1] Kalisi Lanistisya (x=2324.598, y=1123.279, z=111.692)
[9:47:37 AM] [a7NBH#2] Batang Gol: died from suicide (Fall)
[9:47:42 AM] [a7NBH#4] Kidlat Talinhaga: disconnected (Exiting)
[9:47:48 AM] [a7NBH#5] Nic: teleported to player [#2] Batang Gol (x=2367.521, y=1102.088, z=83.351)
[9:48:10 AM] [a7NBH#6] Kidlat Talinhaga: joined with identifiers [steam:11000011b7a7e79; license:b8e1c8f88f0a458f1a61c839513c384929f1fcc5; xbl:2535434274613869; live:844425821395282; discord:396996006471925760; fivem:950365; license2:b8e1c8f88f0a458f1a61c839513c384929f1fcc5]
[9:48:17 AM] [a7NBH#2] Batang Gol: disconnected (Exiting)
[9:48:26 AM] [a7NBH#6] Kidlat Talinhaga: disconnected (Exiting)
[9:48:28 AM] [a7NBH#1] Kalisi Lanistisya: disconnected (Exiting)
[9:49:13 AM] [a7NBH#5] Nic: disconnected (Exiting)
[9:53:24 PM] txAdmin: Logger started
[9:53:42 PM] [AQccn#1] Nic: joined with identifiers [steam:110000104b59124; license:51cb593bb4b56d077293f276ad241685becd64b8; xbl:2535473787863488; live:1055518395289663; discord:505676908449497099; license2:51cb593bb4b56d077293f276ad241685becd64b8]
[10:02:36 PM] [AQccn#1] Nic: turned show player IDs on
[10:03:30 PM] [AQccn#1] Nic: disconnected (Exiting)
[10:16:24 PM] txAdmin: Logger started
[10:17:23 PM] txAdmin: Logger started
[10:20:21 PM] txAdmin: Logger started
[10:22:53 PM] txAdmin: Logger started
[10:23:19 PM] [4NfWP#1] Nic: joined with identifiers [steam:110000104b59124; license:51cb593bb4b56d077293f276ad241685becd64b8; xbl:2535473787863488; live:1055518395289663; discord:505676908449497099; license2:51cb593bb4b56d077293f276ad241685becd64b8]
[10:28:46 PM] [4NfWP#1] Nic: disconnected (Exiting)
[10:37:07 PM] txAdmin: Logger started
[10:38:24 PM] [FhLVV#1] Nic: joined with identifiers [steam:110000104b59124; license:51cb593bb4b56d077293f276ad241685becd64b8; xbl:2535473787863488; live:1055518395289663; discord:505676908449497099; license2:51cb593bb4b56d077293f276ad241685becd64b8]
[11:02:13 PM] [FhLVV#1] Nic: disconnected (Exiting)
[11:02:28 PM] txAdmin: Logger started
[11:03:02 PM] [rw8Mg#1] Nic: joined with identifiers [steam:110000104b59124; license:51cb593bb4b56d077293f276ad241685becd64b8; xbl:2535473787863488; live:1055518395289663; discord:505676908449497099; license2:51cb593bb4b56d077293f276ad241685becd64b8]
[11:10:39 PM] [rw8Mg#1] Nic: disconnected (Exiting)
[11:10:55 PM] txAdmin: Logger started
[11:13:34 PM] txAdmin: Logger started
[11:13:47 PM] [hX3BQ#1] Nic: joined with identifiers [steam:110000104b59124; license:51cb593bb4b56d077293f276ad241685becd64b8; xbl:2535473787863488; live:1055518395289663; discord:505676908449497099; license2:51cb593bb4b56d077293f276ad241685becd64b8]
[11:21:42 PM] [hX3BQ#1] Nic: died from suicide (Fall)
[11:42:31 PM] [hX3BQ#1] Nic: disconnected (Exiting)
